Flow report for DE2_115_Media_Computer
Thu Dec 14 16:52:34 2017
Quartus Prime Version 16.0.0 Build 211 04/27/2016 SJ Standard Edition


---------------------
; Table of Contents ;
---------------------
  1. Legal Notice
  2. Flow Summary
  3. Flow Settings
  4. Flow Non-Default Global Settings
  5. Flow Elapsed Time
  6. Flow OS Summary
  7. Flow Log
  8. Flow Messages
  9. Flow Suppressed Messages



----------------
; Legal Notice ;
----------------
Copyright (C) 1991-2016 Altera Corporation. All rights reserved.
Your use of Altera Corporation's design tools, logic functions 
and other software and tools, and its AMPP partner logic 
functions, and any output files from any of the foregoing 
(including device programming or simulation files), and any 
associated documentation or information are expressly subject 
to the terms and conditions of the Altera Program License 
Subscription Agreement, the Altera Quartus Prime License Agreement,
the Altera MegaCore Function License Agreement, or other 
applicable license agreement, including, without limitation, 
that your use is for the sole purpose of programming logic 
devices manufactured by Altera and sold by Altera or its 
authorized distributors.  Please refer to the applicable 
agreement for further details.



+--------------------------------------------------------------------------------------+
; Flow Summary                                                                         ;
+------------------------------------+-------------------------------------------------+
; Flow Status                        ; Successful - Thu Dec 14 16:52:08 2017           ;
; Quartus Prime Version              ; 16.0.0 Build 211 04/27/2016 SJ Standard Edition ;
; Revision Name                      ; DE2_115_Media_Computer                          ;
; Top-level Entity Name              ; DE2_115_Media_Computer                          ;
; Family                             ; Cyclone IV E                                    ;
; Device                             ; EP4CE115F29C8                                   ;
; Timing Models                      ; Final                                           ;
; Total logic elements               ; 34,426 / 114,480 ( 30 % )                       ;
;     Total combinational functions  ; 31,153 / 114,480 ( 27 % )                       ;
;     Dedicated logic registers      ; 20,074 / 114,480 ( 18 % )                       ;
; Total registers                    ; 20557                                           ;
; Total pins                         ; 376 / 529 ( 71 % )                              ;
; Total virtual pins                 ; 0                                               ;
; Total memory bits                  ; 297,738 / 3,981,312 ( 7 % )                     ;
; Embedded Multiplier 9-bit elements ; 40 / 532 ( 8 % )                                ;
; Total PLLs                         ; 3 / 4 ( 75 % )                                  ;
+------------------------------------+-------------------------------------------------+


+--------------------------------------------+
; Flow Settings                              ;
+-------------------+------------------------+
; Option            ; Setting                ;
+-------------------+------------------------+
; Start date & time ; 12/14/2017 16:42:56    ;
; Main task         ; Compilation            ;
; Revision Name     ; DE2_115_Media_Computer ;
+-------------------+------------------------+


+----------------------------------------------------------------------------------------------------------------------------------------------------+
; Flow Non-Default Global Settings                                                                                                                   ;
+-------------------------------------+---------------------------------------------------------------+---------------+-------------+----------------+
; Assignment Name                     ; Value                                                         ; Default Value ; Entity Name ; Section Id     ;
+-------------------------------------+---------------------------------------------------------------+---------------+-------------+----------------+
; COMPILER_SIGNATURE_ID               ; 75006880588125.151328777504296                                ; --            ; --          ; --             ;
; ENABLE_SIGNALTAP                    ; Off                                                           ; --            ; --          ; --             ;
; MAX_CORE_JUNCTION_TEMP              ; 85                                                            ; --            ; --          ; --             ;
; MIN_CORE_JUNCTION_TEMP              ; 0                                                             ; --            ; --          ; --             ;
; MISC_FILE                           ; nios_system/synthesis/../nios_system.cmp                      ; --            ; --          ; --             ;
; MISC_FILE                           ; nios_system/synthesis/../../nios_system.qsys                  ; --            ; --          ; --             ;
; PARTITION_COLOR                     ; 16764057                                                      ; --            ; --          ; Top            ;
; PARTITION_FITTER_PRESERVATION_LEVEL ; PLACEMENT_AND_ROUTING                                         ; --            ; --          ; Top            ;
; PARTITION_NETLIST_TYPE              ; SOURCE                                                        ; --            ; --          ; Top            ;
; POWER_BOARD_THERMAL_MODEL           ; None (CONSERVATIVE)                                           ; --            ; --          ; --             ;
; POWER_PRESET_COOLING_SOLUTION       ; 23 MM HEAT SINK WITH 200 LFPM AIRFLOW                         ; --            ; --          ; --             ;
; SLD_FILE                            ; nios_system/synthesis/nios_system.regmap                      ; --            ; --          ; --             ;
; SLD_FILE                            ; nios_system/synthesis/nios_system.debuginfo                   ; --            ; --          ; --             ;
; SLD_INFO                            ; QSYS_NAME nios_system HAS_SOPCINFO 1 GENERATION_ID 1464305098 ; --            ; nios_system ; --             ;
; SOPCINFO_FILE                       ; nios_system/synthesis/../../nios_system.sopcinfo              ; --            ; --          ; --             ;
; SYNTHESIS_ONLY_QIP                  ; On                                                            ; --            ; --          ; --             ;
; USE_GENERATED_PHYSICAL_CONSTRAINTS  ; Off                                                           ; --            ; --          ; eda_blast_fpga ;
; USE_SIGNALTAP_FILE                  ; stp1.stp                                                      ; --            ; --          ; --             ;
+-------------------------------------+---------------------------------------------------------------+---------------+-------------+----------------+


+-------------------------------------------------------------------------------------------------------------------------------+
; Flow Elapsed Time                                                                                                             ;
+---------------------------+--------------+-------------------------+---------------------+------------------------------------+
; Module Name               ; Elapsed Time ; Average Processors Used ; Peak Virtual Memory ; Total CPU Time (on all processors) ;
+---------------------------+--------------+-------------------------+---------------------+------------------------------------+
; Analysis & Synthesis      ; 00:04:13     ; 1.0                     ; 1837 MB             ; 00:04:29                           ;
; Fitter                    ; 00:04:19     ; 1.1                     ; 2402 MB             ; 00:06:54                           ;
; Assembler                 ; 00:00:10     ; 1.0                     ; 937 MB              ; 00:00:09                           ;
; TimeQuest Timing Analyzer ; 00:00:24     ; 1.5                     ; 1431 MB             ; 00:00:32                           ;
; Total                     ; 00:09:06     ; --                      ; --                  ; 00:12:04                           ;
+---------------------------+--------------+-------------------------+---------------------+------------------------------------+


+----------------------------------------------------------------------------------------+
; Flow OS Summary                                                                        ;
+---------------------------+------------------+-----------+------------+----------------+
; Module Name               ; Machine Hostname ; OS Name   ; OS Version ; Processor type ;
+---------------------------+------------------+-----------+------------+----------------+
; Analysis & Synthesis      ; LEO-216-12       ; Windows 8 ; 6.2        ; x86_64         ;
; Fitter                    ; LEO-216-12       ; Windows 8 ; 6.2        ; x86_64         ;
; Assembler                 ; LEO-216-12       ; Windows 8 ; 6.2        ; x86_64         ;
; TimeQuest Timing Analyzer ; LEO-216-12       ; Windows 8 ; 6.2        ; x86_64         ;
+---------------------------+------------------+-----------+------------+----------------+


------------
; Flow Log ;
------------
quartus_map --read_settings_files=on --write_settings_files=off DE2_115_Media_Computer -c DE2_115_Media_Computer
quartus_fit --read_settings_files=off --write_settings_files=off DE2_115_Media_Computer -c DE2_115_Media_Computer
quartus_asm --read_settings_files=off --write_settings_files=off DE2_115_Media_Computer -c DE2_115_Media_Computer
quartus_sta DE2_115_Media_Computer -c DE2_115_Media_Computer



